env: load .env
env: export EXPO_PUBLIC_SUPABASE_URL EXPO_PUBLIC_SUPABASE_ANON_KEY
Starting project at /home/ubuntu/dental-clinic-mobile
Starting Metro Bundler
Tunnel connected.
Tunnel ready.
The following packages should be updated for best compatibility with the installed expo version:
  @react-native-community/datetimepicker@8.5.0 - expected version: 8.4.4
Your project may not work correctly until you install the expected versions of the packages.
Waiting on http://localhost:8081
Logs for your project will appear below.
Tunnel connection has been closed. This is often related to intermittent connection issues between the dev server and ngrok. Restart the dev server to try connecting to ngrok again.
Check the Ngrok status page for outages: https://status.ngrok.com/
Tunnel connected.
Tunnel connection has been closed. This is often related to intermittent connection issues between the dev server and ngrok. Restart the dev server to try connecting to ngrok again.
Check the Ngrok status page for outages: https://status.ngrok.com/
Tunnel connected.
Tunnel connection has been closed. This is often related to intermittent connection issues between the dev server and ngrok. Restart the dev server to try connecting to ngrok again.
Check the Ngrok status page for outages: https://status.ngrok.com/
Tunnel connected.

  #  Node.js[124221]: void node::ResetStdio() at ../src/node.cc:760
  #  Assertion failed: !(err != 0) || (err == -1 && (*__errno_location ()) == 1)

----- Native stack trace -----

 1: 0xf95cf7 node::Assert(node::AssertionInfo const&) [node]
 2: 0xf42264  [node]
 3: 0x7fb9c1845495  [/lib/x86_64-linux-gnu/libc.so.6]
 4: 0x7fb9c1845610 on_exit [/lib/x86_64-linux-gnu/libc.so.6]
 5: 0xe98a4f node::DefaultProcessExitHandlerInternal(node::Environment*, node::ExitCode) [node]
 6: 0xf01e4f node::Environment::Exit(node::ExitCode) [node]
 7: 0x1d755e2  [node]

  #  Node.js[124221]: void node::ResetStdio() at ../src/node.cc:760
  #  Assertion failed: !(err != 0) || (err == -1 && (*__errno_location ()) == 1)

----- Native stack trace -----

 1: 0xf95cf7 node::Assert(node::AssertionInfo const&) [node]
 2: 0xf42264  [node]
 3: 0xf42982 node::TrapWebAssemblyOrContinue(int, siginfo_t*, void*) [node]
 4: 0x7fb9c1842520  [/lib/x86_64-linux-gnu/libc.so.6]
